<?xml version="1.0" encoding="UTF-8"?>
<!-- Generated by org.testng.reporters.JUnitReportReporter -->
<testsuite skipped="0" hostname="LAPTOP-PP7LTPN0" name="kdf.Application" tests="1" failures="0" timestamp="14 Sep 2020 15:36:50 GMT" time="129.797" errors="0">
  <testcase name="verifyInvalidLogin" time="129.797" classname="kdf.Application"/>
</testsuite> <!-- kdf.Application -->
