<?xml version="1.0" encoding="UTF-8"?>
<!-- Generated by org.testng.reporters.JUnitReportReporter -->
<testsuite skipped="0" hostname="LAPTOP-PP7LTPN0" name="com.webappsecurity.zero.TestScripts.VerifyFundTransferTest" tests="1" failures="0" timestamp="13 Sep 2020 15:23:09 GMT" time="69.214" errors="0">
  <testcase name="verifyFundTransfer" time="69.214" classname="com.webappsecurity.zero.TestScripts.VerifyFundTransferTest"/>
</testsuite> <!-- com.webappsecurity.zero.TestScripts.VerifyFundTransferTest -->
